0 info it worked if it ends with ok
1 verbose cli [ '/usr/local/bin/node',
1 verbose cli   '/usr/local/bin/npm',
1 verbose cli   'install',
1 verbose cli   'newman',
1 verbose cli   '--global' ]
2 info using npm@2.15.9
3 info using node@v4.5.0
4 verbose install initial load of /usr/local/lib/package.json
5 verbose readDependencies loading dependencies from /usr/local/lib/package.json
6 silly cache add args [ 'newman', null ]
7 verbose cache add spec newman
8 silly cache add parsed spec Result {
8 silly cache add   raw: 'newman',
8 silly cache add   scope: null,
8 silly cache add   name: 'newman',
8 silly cache add   rawSpec: '',
8 silly cache add   spec: 'latest',
8 silly cache add   type: 'tag' }
9 silly addNamed newman@latest
10 verbose addNamed "latest" is being treated as a dist-tag for newman
11 info addNameTag [ 'newman', 'latest' ]
12 silly mapToRegistry name newman
13 silly mapToRegistry using default registry
14 silly mapToRegistry registry http://registry.npmjs.org/
15 silly mapToRegistry data Result {
15 silly mapToRegistry   raw: 'newman',
15 silly mapToRegistry   scope: null,
15 silly mapToRegistry   name: 'newman',
15 silly mapToRegistry   rawSpec: '',
15 silly mapToRegistry   spec: 'latest',
15 silly mapToRegistry   type: 'tag' }
16 silly mapToRegistry uri http://registry.npmjs.org/newman
17 verbose addNameTag registry:http://registry.npmjs.org/newman not in flight; fetching
18 verbose request uri http://registry.npmjs.org/newman
19 verbose request no auth needed
20 info attempt registry request try #1 at 20:19:47
21 verbose request id 6f378eae4ee4aa9f
22 http request GET http://registry.npmjs.org/newman
23 http 200 http://registry.npmjs.org/newman
24 verbose headers { server: 'CouchDB/1.6.1 (Erlang OTP/R16B03)',
24 verbose headers   etag: '"1UZ6SBG98C5YJNTHF4KA2FOSH"',
24 verbose headers   'content-type': 'application/json',
24 verbose headers   'content-encoding': 'gzip',
24 verbose headers   'cache-control': 'max-age=300',
24 verbose headers   'content-length': '24650',
24 verbose headers   'accept-ranges': 'bytes',
24 verbose headers   date: 'Thu, 29 Sep 2016 14:49:48 GMT',
24 verbose headers   via: '1.1 varnish',
24 verbose headers   age: '281',
24 verbose headers   connection: 'keep-alive',
24 verbose headers   'x-served-by': 'cache-sin6921-SIN',
24 verbose headers   'x-cache': 'HIT',
24 verbose headers   'x-cache-hits': '20',
24 verbose headers   'x-timer': 'S1475160588.672821,VS0,VE0',
24 verbose headers   vary: 'Accept-Encoding' }
25 silly get cb [ 200,
25 silly get   { server: 'CouchDB/1.6.1 (Erlang OTP/R16B03)',
25 silly get     etag: '"1UZ6SBG98C5YJNTHF4KA2FOSH"',
25 silly get     'content-type': 'application/json',
25 silly get     'content-encoding': 'gzip',
25 silly get     'cache-control': 'max-age=300',
25 silly get     'content-length': '24650',
25 silly get     'accept-ranges': 'bytes',
25 silly get     date: 'Thu, 29 Sep 2016 14:49:48 GMT',
25 silly get     via: '1.1 varnish',
25 silly get     age: '281',
25 silly get     connection: 'keep-alive',
25 silly get     'x-served-by': 'cache-sin6921-SIN',
25 silly get     'x-cache': 'HIT',
25 silly get     'x-cache-hits': '20',
25 silly get     'x-timer': 'S1475160588.672821,VS0,VE0',
25 silly get     vary: 'Accept-Encoding' } ]
26 verbose get saving newman to /home/chandrakant/.npm/registry.npmjs.org/newman/.cache.json
27 verbose correctMkdir /home/chandrakant/.npm correctMkdir not in flight; initializing
28 silly addNameTag next cb for newman with tag latest
29 silly addNamed newman@3.1.1
30 verbose addNamed "3.1.1" is a plain semver version for newman
31 silly mapToRegistry name newman
32 silly mapToRegistry using default registry
33 silly mapToRegistry registry http://registry.npmjs.org/
34 silly mapToRegistry data Result {
34 silly mapToRegistry   raw: 'newman',
34 silly mapToRegistry   scope: null,
34 silly mapToRegistry   name: 'newman',
34 silly mapToRegistry   rawSpec: '',
34 silly mapToRegistry   spec: 'latest',
34 silly mapToRegistry   type: 'tag' }
35 silly mapToRegistry uri http://registry.npmjs.org/newman
36 verbose addRemoteTarball http://registry.npmjs.org/newman/-/newman-3.1.1.tgz not in flight; adding
37 verbose addRemoteTarball [ 'http://registry.npmjs.org/newman/-/newman-3.1.1.tgz',
37 verbose addRemoteTarball   '2078ceaf31a82d5406e4a443a17caa43589440ae' ]
38 info retry fetch attempt 1 at 20:19:48
39 info attempt registry request try #1 at 20:19:48
40 http fetch GET http://registry.npmjs.org/newman/-/newman-3.1.1.tgz
41 http fetch 200 http://registry.npmjs.org/newman/-/newman-3.1.1.tgz
42 silly fetchAndShaCheck shasum 2078ceaf31a82d5406e4a443a17caa43589440ae
43 verbose addTmpTarball /tmp/npm-16858-d91ffa58/registry.npmjs.org/newman/-/newman-3.1.1.tgz not in flight; adding
44 verbose addTmpTarball already have metadata; skipping unpack for newman@3.1.1
45 verbose correctMkdir /home/chandrakant/.npm correctMkdir not in flight; initializing
46 silly cache afterAdd newman@3.1.1
47 verbose afterAdd /home/chandrakant/.npm/newman/3.1.1/package/package.json not in flight; writing
48 verbose correctMkdir /home/chandrakant/.npm correctMkdir not in flight; initializing
49 verbose afterAdd /home/chandrakant/.npm/newman/3.1.1/package/package.json written
50 silly install resolved [ { name: 'newman',
50 silly install resolved     version: '3.1.1',
50 silly install resolved     description: 'Command-line companion utility for Postman',
50 silly install resolved     homepage: 'https://github.com/postmanlabs/newman',
50 silly install resolved     bugs: { url: 'https://github.com/postmanlabs/newman/issues' },
50 silly install resolved     repository: { type: 'git', url: 'git://github.com/postmanlabs/newman.git' },
50 silly install resolved     keywords:
50 silly install resolved      [ 'newman',
50 silly install resolved        'postman',
50 silly install resolved        'api',
50 silly install resolved        'testing',
50 silly install resolved        'ci',
50 silly install resolved        'rest-client',
50 silly install resolved        'rest' ],
50 silly install resolved     main: 'index.js',
50 silly install resolved     bin: { newman: './bin/newman.js' },
50 silly install resolved     preferGlobal: true,
50 silly install resolved     scripts:
50 silly install resolved      { test: 'node npm/test.js',
50 silly install resolved        'test-system': 'node npm/test-system.js',
50 silly install resolved        'test-lint': 'node npm/test-lint.js',
50 silly install resolved        'test-unit': 'node npm/test-unit.js',
50 silly install resolved        'test-integration': 'node npm/test-integration.js',
50 silly install resolved        'test-cli': 'node npm/test-cli.js',
50 silly install resolved        'build-docs': 'node npm/build-docs.js',
50 silly install resolved        'build-wiki': 'node npm/build-wiki.js' },
50 silly install resolved     author: { name: 'Postman Labs', email: 'help@getpostman.com', url: '=' },
50 silly install resolved     license: 'Apache-2.0',
50 silly install resolved     dependencies:
50 silly install resolved      { argparse: '1.0.7',
50 silly install resolved        async: '2.0.1',
50 silly install resolved        'cli-progress': '1.2.0',
50 silly install resolved        'cli-table2': '0.2.0',
50 silly install resolved        colors: '1.1.2',
50 silly install resolved        'csv-parse': '1.1.7',
50 silly install resolved        eventemitter3: '2.0.0',
50 silly install resolved        filesize: '3.3.0',
50 silly install resolved        handlebars: '4.0.5',
50 silly install resolved        lodash: '4.16.1',
50 silly install resolved        mkdirp: '0.5.1',
50 silly install resolved        'parse-json': '2.2.0',
50 silly install resolved        'postman-collection': '0.5.2',
50 silly install resolved        'postman-collection-transformer': '1.7.4',
50 silly install resolved        'postman-request': '2.74.1-postman.1',
50 silly install resolved        'postman-runtime': '2.5.2',
50 silly install resolved        'pretty-ms': '2.1.0',
50 silly install resolved        semver: '5.3.0',
50 silly install resolved        'serialised-error': '1.1.2',
50 silly install resolved        shelljs: '0.7.4',
50 silly install resolved        'word-wrap': '1.1.0',
50 silly install resolved        xmlbuilder: '8.2.2' },
50 silly install resolved     devDependencies:
50 silly install resolved      { eslint: '3.5.0',
50 silly install resolved        'eslint-plugin-lodash': '1.10.3',
50 silly install resolved        'eslint-plugin-mocha': '4.5.1',
50 silly install resolved        'eslint-plugin-security': '1.2.0',
50 silly install resolved        'expect.js': '0.3.1',
50 silly install resolved        'js-yaml': '3.6.1',
50 silly install resolved        jsdoc: '3.4.1',
50 silly install resolved        'jsdoc-to-markdown': '1.3.7',
50 silly install resolved        mocha: '3.0.2',
50 silly install resolved        nsp: '2.6.1',
50 silly install resolved        packity: '0.3.2',
50 silly install resolved        'postman-jsdoc-theme': '0.0.2',
50 silly install resolved        'recursive-readdir': '2.0.0' },
50 silly install resolved     engines: { node: '>=4' },
50 silly install resolved     gitHead: 'b2208685bde2152546975a1e07ab21d9726eadb3',
50 silly install resolved     _id: 'newman@3.1.1',
50 silly install resolved     _shasum: '2078ceaf31a82d5406e4a443a17caa43589440ae',
50 silly install resolved     _from: 'newman@latest',
50 silly install resolved     _npmVersion: '2.14.12',
50 silly install resolved     _nodeVersion: '4.3.0',
50 silly install resolved     _npmUser: { name: 'czardoz', email: 'aniketpanse@gmail.com' },
50 silly install resolved     dist:
50 silly install resolved      { shasum: '2078ceaf31a82d5406e4a443a17caa43589440ae',
50 silly install resolved        tarball: 'https://registry.npmjs.org/newman/-/newman-3.1.1.tgz' },
50 silly install resolved     maintainers: [ [Object], [Object], [Object], [Object], [Object], [Object] ],
50 silly install resolved     _npmOperationalInternal:
50 silly install resolved      { host: 'packages-12-west.internal.npmjs.com',
50 silly install resolved        tmp: 'tmp/newman-3.1.1.tgz_1474538035840_0.48589736595749855' },
50 silly install resolved     directories: {},
50 silly install resolved     _resolved: 'http://registry.npmjs.org/newman/-/newman-3.1.1.tgz' } ]
51 info install newman@3.1.1 into /usr/local/lib
52 info installOne newman@3.1.1
53 verbose installOne of newman to /usr/local/lib not in flight; installing
54 verbose correctMkdir /home/chandrakant/.npm/_locks correctMkdir not in flight; initializing
55 verbose lock using /home/chandrakant/.npm/_locks/newman-2cdde1be19c1c00f.lock for /usr/local/lib/node_modules/newman
56 silly install write writing newman 3.1.1 to /usr/local/lib/node_modules/newman
57 verbose unbuild lib/node_modules/newman
58 silly gentlyRm /usr/local/lib/node_modules/newman is being purged from base /usr/local
59 verbose gentlyRm don't care about contents; nuking /usr/local/lib/node_modules/newman
60 verbose tar unpack /home/chandrakant/.npm/newman/3.1.1/package.tgz
61 verbose tar unpacking to /usr/local/lib/node_modules/newman
62 silly gentlyRm /usr/local/lib/node_modules/newman is being purged
63 verbose gentlyRm don't care about contents; nuking /usr/local/lib/node_modules/newman
64 silly gunzTarPerm modes [ '775', '664' ]
65 error tar.unpack untar error /home/chandrakant/.npm/newman/3.1.1/package.tgz
66 verbose unlock done using /home/chandrakant/.npm/_locks/newman-2cdde1be19c1c00f.lock for /usr/local/lib/node_modules/newman
67 verbose fstream_path /usr/local/lib/node_modules/newman
68 verbose fstream_type Directory
69 verbose fstream_class DirWriter
70 verbose stack Error: EACCES: permission denied, mkdir '/usr/local/lib/node_modules/newman'
70 verbose stack     at Error (native)
71 verbose fstream_stack /usr/local/lib/node_modules/npm/node_modules/fstream/lib/dir-writer.js:35:25
71 verbose fstream_stack /usr/local/lib/node_modules/npm/node_modules/mkdirp/index.js:47:53
71 verbose fstream_stack FSReqWrap.oncomplete (fs.js:82:15)
72 verbose cwd /home/chandrakant/WorkSpace/rails/MyRidz/health-guide-backend
73 error Linux 3.13.0-24-generic
74 error argv "/usr/local/bin/node" "/usr/local/bin/npm" "install" "newman" "--global"
75 error node v4.5.0
76 error npm  v2.15.9
77 error path /usr/local/lib/node_modules/newman
78 error code EACCES
79 error errno -13
80 error syscall mkdir
81 error Error: EACCES: permission denied, mkdir '/usr/local/lib/node_modules/newman'
81 error     at Error (native)
81 error  { [Error: EACCES: permission denied, mkdir '/usr/local/lib/node_modules/newman']
81 error   errno: -13,
81 error   code: 'EACCES',
81 error   syscall: 'mkdir',
81 error   path: '/usr/local/lib/node_modules/newman',
81 error   fstream_type: 'Directory',
81 error   fstream_path: '/usr/local/lib/node_modules/newman',
81 error   fstream_class: 'DirWriter',
81 error   fstream_stack:
81 error    [ '/usr/local/lib/node_modules/npm/node_modules/fstream/lib/dir-writer.js:35:25',
81 error      '/usr/local/lib/node_modules/npm/node_modules/mkdirp/index.js:47:53',
81 error      'FSReqWrap.oncomplete (fs.js:82:15)' ] }
82 error Please try running this command again as root/Administrator.
83 verbose exit [ -13, true ]
84 verbose unbuild lib/node_modules/newman
85 silly gentlyRm /usr/local/lib/node_modules/newman is being purged from base /usr/local
86 verbose gentlyRm don't care about contents; nuking /usr/local/lib/node_modules/newman
